<?xml version="1.0" encoding="UTF-8"?>
<testng-results ignored="0" total="1" passed="1" failed="0" skipped="0">
  <reporter-output>
  </reporter-output>
  <suite started-at="2023-09-11T12:59:19 IST" name="Default suite" finished-at="2023-09-11T12:59:22 IST" duration-ms="2492">
    <groups>
    </groups>
    <test started-at="2023-09-11T12:59:19 IST" name="Default test" finished-at="2023-09-11T12:59:22 IST" duration-ms="2492">
      <class name="selenium_login.NewTest">
        <test-method is-config="true" signature="beforeMethod()[pri:0, instance:selenium_login.NewTest@51dbd6e4]" started-at="2023-09-11T12:59:19 IST" name="beforeMethod" finished-at="2023-09-11T12:59:20 IST" duration-ms="462" status="PASS">
          <reporter-output>
          </reporter-output>
        </test-method> <!-- beforeMethod -->
        <test-method signature="f()[pri:0, instance:selenium_login.NewTest@51dbd6e4]" started-at="2023-09-11T12:59:20 IST" name="f" finished-at="2023-09-11T12:59:21 IST" duration-ms="1446" status="PASS">
          <reporter-output>
          </reporter-output>
        </test-method> <!-- f -->
        <test-method is-config="true" signature="afterMethod()[pri:0, instance:selenium_login.NewTest@51dbd6e4]" started-at="2023-09-11T12:59:21 IST" name="afterMethod" finished-at="2023-09-11T12:59:22 IST" duration-ms="418" status="PASS">
          <reporter-output>
          </reporter-output>
        </test-method> <!-- afterMethod -->
      </class> <!-- selenium_login.NewTest -->
    </test> <!-- Default test -->
  </suite> <!-- Default suite -->
</testng-results>
